\BOOKMARK [1][-]{section.1}{\376\377\133\236\232\214\211\201\154\102}{}% 1
\BOOKMARK [1][-]{section.2}{\376\377\133\236\232\214\163\257\130\203}{}% 2
\BOOKMARK [1][-]{section.3}{\376\377\133\236\232\214\123\237\164\006}{}% 3
\BOOKMARK [2][-]{subsection.3.1}{\376\377\000T\000C\000P\155\101\137\017\131\127\143\245\133\127\127\372\170\100}{section.3}% 4
\BOOKMARK [2][-]{subsection.3.2}{\376\377\000S\000o\000c\000k\000e\000t\177\026\172\013\152\041\127\213}{section.3}% 5
\BOOKMARK [3][-]{subsubsection.3.2.1}{\376\377\147\015\122\241\126\150\172\357\155\101\172\013}{subsection.3.2}% 6
\BOOKMARK [3][-]{subsubsection.3.2.2}{\376\377\133\242\142\067\172\357\155\101\172\013}{subsection.3.2}% 7
\BOOKMARK [2][-]{subsection.3.3}{\376\377\131\032\176\277\172\013\136\166\123\321\131\004\164\006}{section.3}% 8
\BOOKMARK [1][-]{section.4}{\376\377\200\112\131\051\123\117\213\256\213\276\213\241}{}% 9
\BOOKMARK [2][-]{subsection.4.1}{\376\377\123\117\213\256\151\202\217\360}{section.4}% 10
\BOOKMARK [2][-]{subsection.4.2}{\376\377\155\210\140\157\150\074\137\017}{section.4}% 11
\BOOKMARK [3][-]{subsubsection.4.2.1}{\376\377\217\336\143\245\226\066\153\265}{subsection.4.2}% 12
\BOOKMARK [3][-]{subsubsection.4.2.2}{\376\377\146\156\220\032\155\210\140\157\377\010\136\177\144\255\377\011}{subsection.4.2}% 13
\BOOKMARK [3][-]{subsubsection.4.2.3}{\376\377\171\301\200\112\155\210\140\157}{subsection.4.2}% 14
\BOOKMARK [3][-]{subsubsection.4.2.4}{\376\377\174\373\176\337\155\210\140\157}{subsection.4.2}% 15
\BOOKMARK [2][-]{subsection.4.3}{\376\377\123\117\213\256\162\266\140\001\147\072}{section.4}% 16
\BOOKMARK [1][-]{section.5}{\376\377\172\013\136\217\213\276\213\241\116\016\133\236\163\260}{}% 17
\BOOKMARK [2][-]{subsection.5.1}{\376\377\174\373\176\337\147\266\147\204}{section.5}% 18
\BOOKMARK [2][-]{subsection.5.2}{\376\377\147\015\122\241\126\150\172\357\133\236\163\260}{section.5}% 19
\BOOKMARK [3][-]{subsubsection.5.2.1}{\376\377\150\070\137\303\145\160\143\156\176\323\147\204}{subsection.5.2}% 20
\BOOKMARK [3][-]{subsubsection.5.2.2}{\376\377\116\073\121\375\145\160\155\101\172\013}{subsection.5.2}% 21
\BOOKMARK [3][-]{subsubsection.5.2.3}{\376\377\133\242\142\067\172\357\131\004\164\006\121\375\145\160}{subsection.5.2}% 22
\BOOKMARK [2][-]{subsection.5.3}{\376\377\143\247\122\066\123\360\133\242\142\067\172\357\133\236\163\260}{section.5}% 23
\BOOKMARK [3][-]{subsubsection.5.3.1}{\376\377\155\210\140\157\143\245\145\066\176\277\172\013}{subsection.5.3}% 24
\BOOKMARK [3][-]{subsubsection.5.3.2}{\376\377\155\210\140\157\123\321\220\001\176\277\172\013}{subsection.5.3}% 25
\BOOKMARK [2][-]{subsection.5.4}{\376\377\126\376\137\142\165\114\227\142\133\242\142\067\172\357\133\236\163\260}{section.5}% 26
\BOOKMARK [3][-]{subsubsection.5.4.1}{\376\377\121\150\134\100\145\160\143\156\176\323\147\204}{subsection.5.4}% 27
\BOOKMARK [3][-]{subsubsection.5.4.2}{\376\377\217\336\143\245\133\371\213\335\150\106}{subsection.5.4}% 28
\BOOKMARK [3][-]{subsubsection.5.4.3}{\376\377\116\073\200\112\131\051\172\227\123\343}{subsection.5.4}% 29
\BOOKMARK [3][-]{subsubsection.5.4.4}{\376\377\116\055\145\207\133\127\117\123\145\057\143\001}{subsection.5.4}% 30
\BOOKMARK [1][-]{section.6}{\376\377\177\026\213\321\116\016\217\320\210\114}{}% 31
\BOOKMARK [2][-]{subsection.6.1}{\376\377\177\026\213\321\124\175\116\344}{section.6}% 32
\BOOKMARK [3][-]{subsubsection.6.1.1}{\376\377\147\015\122\241\126\150\172\013\136\217}{subsection.6.1}% 33
\BOOKMARK [3][-]{subsubsection.6.1.2}{\376\377\143\247\122\066\123\360\133\242\142\067\172\357}{subsection.6.1}% 34
\BOOKMARK [3][-]{subsubsection.6.1.3}{\376\377\126\376\137\142\165\114\227\142\133\242\142\067\172\357}{subsection.6.1}% 35
\BOOKMARK [2][-]{subsection.6.2}{\376\377\217\320\210\114\153\145\232\244}{section.6}% 36
\BOOKMARK [1][-]{section.7}{\376\377\122\237\200\375\155\113\213\325}{}% 37
\BOOKMARK [2][-]{subsection.7.1}{\376\377\127\372\147\054\122\237\200\375\155\113\213\325}{section.7}% 38
\BOOKMARK [3][-]{subsubsection.7.1.1}{\376\377\217\336\143\245\122\237\200\375}{subsection.7.1}% 39
\BOOKMARK [3][-]{subsubsection.7.1.2}{\376\377\146\065\171\360\154\350\121\214}{subsection.7.1}% 40
\BOOKMARK [3][-]{subsubsection.7.1.3}{\376\377\155\210\140\157\136\177\144\255}{subsection.7.1}% 41
\BOOKMARK [3][-]{subsubsection.7.1.4}{\376\377\171\301\200\112\122\237\200\375}{subsection.7.1}% 42
\BOOKMARK [2][-]{subsection.7.2}{\376\377\131\032\176\277\172\013\136\166\123\321\155\113\213\325}{section.7}% 43
\BOOKMARK [2][-]{subsection.7.3}{\376\377\137\002\136\070\140\305\121\265\155\113\213\325}{section.7}% 44
\BOOKMARK [3][-]{subsubsection.7.3.1}{\376\377\177\121\176\334\145\255\137\000\155\113\213\325}{subsection.7.3}% 45
\BOOKMARK [3][-]{subsubsection.7.3.2}{\376\377\145\340\145\110\171\301\200\112\166\356\150\007\155\113\213\325}{subsection.7.3}% 46
\BOOKMARK [3][-]{subsubsection.7.3.3}{\376\377\221\315\131\015\146\065\171\360\155\113\213\325}{subsection.7.3}% 47
\BOOKMARK [2][-]{subsection.7.4}{\376\377\123\213\122\233\155\113\213\325}{section.7}% 48
\BOOKMARK [1][-]{section.8}{\376\377\145\160\143\156\123\005\116\042\131\061\122\006\147\220}{}% 49
\BOOKMARK [2][-]{subsection.8.1}{\376\377\000T\000C\000P\123\357\227\140\140\047\117\335\213\301}{section.8}% 50
\BOOKMARK [2][-]{subsection.8.2}{\376\377\133\236\226\105\155\113\213\325\211\302\133\337}{section.8}% 51
\BOOKMARK [3][-]{subsubsection.8.2.1}{\376\377\153\143\136\070\177\121\176\334\163\257\130\203}{subsection.8.2}% 52
\BOOKMARK [3][-]{subsubsection.8.2.2}{\376\377\177\121\176\334\116\015\172\063\133\232\163\257\130\203}{subsection.8.2}% 53
\BOOKMARK [2][-]{subsection.8.3}{\376\377\136\224\165\050\134\102\123\357\200\375\166\204\000"\116\042\131\061\000"\140\305\121\265}{section.8}% 54
\BOOKMARK [3][-]{subsubsection.8.3.1}{\376\377\177\023\121\262\123\072\156\242\121\372}{subsection.8.3}% 55
\BOOKMARK [3][-]{subsubsection.8.3.2}{\376\377\217\336\143\245\141\017\131\026\145\255\137\000}{subsection.8.3}% 56
\BOOKMARK [3][-]{subsubsection.8.3.3}{\376\377\155\210\140\157\217\271\165\114\225\356\230\230}{subsection.8.3}% 57
\BOOKMARK [2][-]{subsection.8.4}{\376\377\000W\000i\000r\000e\000s\000h\000a\000r\000k\142\223\123\005\122\006\147\220}{section.8}% 58
\BOOKMARK [3][-]{subsubsection.8.4.1}{\376\377\145\160\143\156\117\040\217\223}{subsection.8.4}% 59
\BOOKMARK [3][-]{subsubsection.8.4.2}{\376\377\000T\000C\000P\126\333\153\041\143\045\142\113}{subsection.8.4}% 60
\BOOKMARK [2][-]{subsection.8.5}{\376\377\176\323\213\272}{section.8}% 61
\BOOKMARK [1][-]{section.9}{\376\377\140\073\176\323}{}% 62
